{"level":"debug","message":"Server is listening on port 8080","service":"user-service"}
{"level":"error","message":["\"password\" length must be at least 8 characters long"],"service":"user-service"}
{"level":"error","service":"user-service","statusCode":401}
{"level":"debug","message":"Server is listening on port 8080","service":"user-service"}
{"level":"debug","message":"Server is listening on port 8080","service":"user-service"}
{"level":"error","message":"{\"status\":\"error\",\"statusCode\":401,\"message\":\"Incorrect email or password\",\"infoError\":\"Error: Incorrect email or password\\n    at /home/azizjon/Desktop/New Folder/Crud/controller/authController.js:44:17\\n    at process.processTicksAndRejections (node:internal/process/task_queues:95:5)\\n    at async /home/azizjon/Desktop/New Folder/Crud/utility/catchAsync.js:5:5\"}","service":"user-service"}
{"level":"error","message":"{\"status\":\"error\",\"statusCode\":401,\"message\":\"jwt expired\",\"infoError\":\"Error: jwt expired\\n    at /home/azizjon/Desktop/New Folder/Crud/controller/authController.js:108:17\\n    at async /home/azizjon/Desktop/New Folder/Crud/utility/catchAsync.js:5:5\"}","service":"user-service"}
{"level":"debug","message":"Server is listening on port 8080","service":"user-service"}
{"level":"debug","message":"Server is listening on port 8080","service":"user-service"}
{"level":"debug","message":"Server is listening on port 8080","service":"user-service"}
{"level":"debug","message":"Server is listening on port 8080","service":"user-service"}
{"level":"debug","message":"Server is listening on port 8080","service":"user-service"}
{"level":"debug","message":"Server is listening on port 8080","service":"user-service"}
{"level":"debug","message":"Server is listening on port 8080","service":"user-service"}
{"level":"error","message":"{\"status\":\"error\",\"statusCode\":401,\"message\":\"Jwt not found\",\"infoError\":\"Error: Jwt not found\\n    at /home/azizjon/Desktop/New Folder/Crud/controller/authController.js:97:19\\n    at /home/azizjon/Desktop/New Folder/Crud/utility/catchAsync.js:5:11\\n    at Layer.handle [as handle_request] (/home/azizjon/Desktop/New Folder/Crud/node_modules/express/lib/router/layer.js:95:5)\\n    at next (/home/azizjon/Desktop/New Folder/Crud/node_modules/express/lib/router/route.js:144:13)\\n    at Route.dispatch (/home/azizjon/Desktop/New Folder/Crud/node_modules/express/lib/router/route.js:114:3)\\n    at Layer.handle [as handle_request] (/home/azizjon/Desktop/New Folder/Crud/node_modules/express/lib/router/layer.js:95:5)\\n    at /home/azizjon/Desktop/New Folder/Crud/node_modules/express/lib/router/index.js:284:15\\n    at Function.process_params (/home/azizjon/Desktop/New Folder/Crud/node_modules/express/lib/router/index.js:346:12)\\n    at next (/home/azizjon/Desktop/New Folder/Crud/node_modules/express/lib/router/index.js:280:10)\\n    at Function.handle (/home/azizjon/Desktop/New Folder/Crud/node_modules/express/lib/router/index.js:175:3)\"}","service":"user-service"}
{"level":"error","message":"{\"status\":\"error\",\"statusCode\":401,\"message\":\"jwt expired\",\"infoError\":\"Error: jwt expired\\n    at /home/azizjon/Desktop/New Folder/Crud/controller/authController.js:109:17\\n    at async /home/azizjon/Desktop/New Folder/Crud/utility/catchAsync.js:5:5\"}","service":"user-service"}
{"level":"debug","message":"Server is listening on port 8080","service":"user-service"}
{"level":"debug","message":"Server is listening on port 8080","service":"user-service"}
{"level":"debug","message":"Server is listening on port 8080","service":"user-service"}
{"level":"debug","message":"Server is listening on port 8080","service":"user-service"}
{"level":"debug","message":"Server is listening on port 8080","service":"user-service"}
{"level":"debug","message":"Server is listening on port 8080","service":"user-service"}
{"level":"debug","message":"Server is listening on port 8080","service":"user-service"}
{"level":"debug","message":"Server is listening on port 8080","service":"user-service"}
{"level":"debug","message":"Server is listening on port 8080","service":"user-service"}
{"level":"debug","message":"Server is listening on port 8080","service":"user-service"}
{"level":"debug","message":"Server is listening on port 8080","service":"user-service"}
{"level":"debug","message":"Server is listening on port 8080","service":"user-service"}
{"level":"debug","message":"Server is listening on port 8080","service":"user-service"}
{"level":"debug","message":"Server is listening on port 8080","service":"user-service"}
{"level":"debug","message":"Server is listening on port 8080","service":"user-service"}
{"level":"debug","message":"Server is listening on port 8080","service":"user-service"}
{"level":"debug","message":"Server is listening on port 8080","service":"user-service"}
{"level":"debug","message":"Server is listening on port 8080","service":"user-service"}
{"level":"debug","message":"Server is listening on port 8080","service":"user-service"}
{"level":"debug","message":"Server is listening on port 8080","service":"user-service"}
{"level":"debug","message":"Server is listening on port 8080","service":"user-service"}
{"level":"debug","message":"Server is listening on port 8080","service":"user-service"}
{"level":"debug","message":"Server is listening on port 8080","service":"user-service"}
{"level":"debug","message":"Server is listening on port 8080","service":"user-service"}
{"level":"debug","message":"Server is listening on port 8080","service":"user-service"}
{"level":"debug","message":"Server is listening on port 8080","service":"user-service"}
{"level":"debug","message":"Server is listening on port 8080","service":"user-service"}
{"level":"debug","message":"Server is listening on port 8080","service":"user-service"}
{"level":"debug","message":"Server is listening on port 8080","service":"user-service"}
{"level":"debug","message":"Server is listening on port 8080","service":"user-service"}
{"level":"debug","message":"Server is listening on port 8080","service":"user-service"}
{"level":"debug","message":"Server is listening on port 8080","service":"user-service"}
